The target system is: Generic - 3.4.99 - arm
The host system is: Windows - 10.0.22621 - AMD64
Compiling the C compiler identification source file "CMakeCCompilerId.c" succeeded.
Compiler: C:/ncs/toolchains/c57af46cb7/opt/zephyr-sdk/arm-zephyr-eabi/bin/arm-zephyr-eabi-gcc.exe 
Build flags: 
Id flags: -c 

The output was:
0


Compilation of the C compiler identification source "CMakeCCompilerId.c" produced "CMakeCCompilerId.o"

The C compiler identification is GNU, found in "D:/ncs/gitbranch/lm_work/ncs-esb-ble-mpsl-demo/ptx/bd53/CMakeFiles/3.21.3/CompilerIdC/CMakeCCompilerId.o"

Compiling the CXX compiler identification source file "CMakeCXXCompilerId.cpp" succeeded.
Compiler: C:/ncs/toolchains/c57af46cb7/opt/zephyr-sdk/arm-zephyr-eabi/bin/arm-zephyr-eabi-gcc.exe 
Build flags: 
Id flags: -c 

The output was:
0


Compilation of the CXX compiler identification source "CMakeCXXCompilerId.cpp" produced "CMakeCXXCompilerId.o"

The CXX compiler identification is GNU, found in "D:/ncs/gitbranch/lm_work/ncs-esb-ble-mpsl-demo/ptx/bd53/CMakeFiles/3.21.3/CompilerIdCXX/CMakeCXXCompilerId.o"

Checking whether the ASM compiler is GNU using "--version" matched "(GNU assembler)|(GCC)|(Free Software Foundation)":
arm-zephyr-eabi-gcc.exe (Zephyr SDK 0.16.1) 12.2.0
Copyright (C) 2022 Free Software Foundation, Inc.
This is free software; see the source for copying conditions.  There is NO
warranty; not even for MERCHANTABILITY or FITNESS FOR A PARTICULAR PURPOSE.

Determining if files stdatomic.h exist passed with the following output:
Change Dir: D:/ncs/gitbranch/lm_work/ncs-esb-ble-mpsl-demo/ptx/bd53/CMakeFiles/CMakeTmp

Run Build Command(s):C:/ncs/toolchains/c57af46cb7/opt/bin/ninja.exe cmTC_f0e43 && [1/2] Building C object CMakeFiles/cmTC_f0e43.dir/HAVE_STDATOMIC_H.c.obj
[2/2] Linking C executable cmTC_f0e43
arm-zephyr-eabi-gcc.exe: warning: CMakeFiles/cmTC_f0e43.dir/HAVE_STDATOMIC_H.c.obj: linker input file unused because linking not done



Determining if files fcntl.h exist passed with the following output:
Change Dir: D:/ncs/gitbranch/lm_work/ncs-esb-ble-mpsl-demo/ptx/bd53/CMakeFiles/CMakeTmp

Run Build Command(s):C:/ncs/toolchains/c57af46cb7/opt/bin/ninja.exe cmTC_631f8 && [1/2] Building C object CMakeFiles/cmTC_631f8.dir/HAVE_FCNTL_H.c.obj
[2/2] Linking C executable cmTC_631f8
arm-zephyr-eabi-gcc.exe: warning: CMakeFiles/cmTC_631f8.dir/HAVE_FCNTL_H.c.obj: linker input file unused because linking not done



